
Showing logs for build [32mcb-kubecd-environment-pr-182-94-b7jw6-1[0m stage [32mfrom-build-pack[0m and container [32mstep-credential-initializer-m8bfn[0m
{"level":"warn","ts":1584319577.1653066,"logger":"fallback-logger","caller":"logging/config.go:69","msg":"Fetch GitHub commit ID from kodata failed: \"ref: refs/heads/0.8.0-**-support-backwards-incompats\" is not a valid GitHub commit ID"}
{"level":"info","ts":1584319577.1662197,"logger":"fallback-logger","caller":"creds-init/main.go:40","msg":"Credentials initialized."}

Showing logs for build [32mcb-kubecd-environment-pr-182-94-b7jw6-1[0m stage [32mfrom-build-pack[0m and container [32mstep-working-dir-initializer-b5mh7[0m
{"level":"warn","ts":1584319577.7178292,"logger":"fallback-logger","caller":"logging/config.go:69","msg":"Fetch GitHub commit ID from kodata failed: open /var/run/ko/HEAD: no such file or directory"}
{"level":"info","ts":1584319577.7196693,"logger":"fallback-logger","caller":"bash/main.go:64","msg":"Successfully executed command \"sh -c mkdir -p /workspace/source\"; output "}

Showing logs for build [32mcb-kubecd-environment-pr-182-94-b7jw6-1[0m stage [32mfrom-build-pack[0m and container [32mstep-place-tools[0m

Showing logs for build [32mcb-kubecd-environment-pr-182-94-b7jw6-1[0m stage [32mfrom-build-pack[0m and container [32mstep-git-source-cb-kubecd-environment-pr-182-94-b7jw6-zzfq9[0m
{"level":"warn","ts":1584319581.8889918,"logger":"fallback-logger","caller":"logging/config.go:69","msg":"Fetch GitHub commit ID from kodata failed: \"ref: refs/heads/0.8.0-**-support-backwards-incompats\" is not a valid GitHub commit ID"}
{"level":"info","ts":1584319582.8997252,"logger":"fallback-logger","caller":"git/git.go:103","msg":"Successfully cloned https://github.com/cb-kubecd/environment-pr-182-94-boot-vault-gke-production.git @ master in path /workspace/source"}

Showing logs for build [32mcb-kubecd-environment-pr-182-94-b7jw6-1[0m stage [32mfrom-build-pack[0m and container [32mstep-git-merge[0m
Using SHAs from PULL_REFS=master:479bfb56c2aadd656fc78da1c00af3729f1853db,1:8d344cb2b08e914692eff225d2a29e085a8055bf
DEBUG: JX_LOG_LEVEL=error LC_ALL=C git fetch origin --unshallow 8d344cb2b08e914692eff225d2a29e085a8055bf: 479bfb56c2aadd656fc78da1c00af3729f1853db:
DEBUG: ran git fetch --unshallow origin 8d344cb2b08e914692eff225d2a29e085a8055bf: 479bfb56c2aadd656fc78da1c00af3729f1853db: in 
DEBUG: LC_ALL=C JX_LOG_LEVEL=error git branch
DEBUG: LC_ALL=C JX_LOG_LEVEL=error git checkout master
DEBUG: ran git checkout master in 
DEBUG: LC_ALL=C JX_LOG_LEVEL=error git reset --hard 479bfb56c2aadd656fc78da1c00af3729f1853db
DEBUG: ran git reset --hard 479bfb56c2aadd656fc78da1c00af3729f1853db in 
DEBUG: LC_ALL=C JX_LOG_LEVEL=error git clean -fd .
DEBUG: ran clean --force -d . in 
DEBUG: JX_LOG_LEVEL=error LC_ALL=C git merge 8d344cb2b08e914692eff225d2a29e085a8055bf
DEBUG: ran git merge 8d344cb2b08e914692eff225d2a29e085a8055bf in 
DEBUG: LC_ALL=C JX_LOG_LEVEL=error git log --format=%H%x1f%an%x1f%ae%x1f%cn%x1f%ce%x1f%s%n%b%x1e 479bfb56c2aadd656fc78da1c00af3729f1853db..HEAD
Merged SHA 8d344cb2b08e914692eff225d2a29e085a8055bf with commit message 'chore: Promote bdd-spring-1584318400 to version 0.0.1' into base branch master

Showing logs for build [32mcb-kubecd-environment-pr-182-94-b7jw6-1[0m stage [32mfrom-build-pack[0m and container [32mstep-build-helm-build[0m
WARNING: No $CHART_REPOSITORY defined so using the default value of: http://jenkins-x-chartmuseum:8080
Adding missing Helm repo: storage.googleapis.com https://storage.googleapis.com/chartmuseum.jenkins-x.io
WARNING: No secrets found on "helm/repos" due: reading the secret "helm/repos" from vault: no secret "helm/repos" not found in vault
Read credentials for https://storage.googleapis.com/chartmuseum.jenkins-x.io from vault helm/repos
Successfully added Helm repository storage.googleapis.com.
Adding missing Helm repo: jenkins-x-chartmuseum http://jenkins-x-chartmuseum:8080
WARNING: No secrets found on "helm/repos" due: reading the secret "helm/repos" from vault: no secret "helm/repos" not found in vault
Read credentials for http://jenkins-x-chartmuseum:8080 from vault helm/repos
Successfully added Helm repository jenkins-x-chartmuseum.
WARNING: No $CHART_REPOSITORY defined so using the default value of: http://jenkins-x-chartmuseum:8080
Adding missing Helm repo: chartmuseum.jenkins-x.io http://chartmuseum.jenkins-x.io
WARNING: No secrets found on "helm/repos" due: reading the secret "helm/repos" from vault: no secret "helm/repos" not found in vault
Read credentials for http://chartmuseum.jenkins-x.io from vault helm/repos
Successfully added Helm repository chartmuseum.jenkins-x.io.
